<?xml version="1.0" encoding="UTF-8"?>
<!-- Generated by org.testng.reporters.JUnitXMLReporter -->
<testsuite ignored="0" hostname="112862e6fd56" failures="0" tests="1" name="Naukri Test" time="1.64" errors="0" timestamp="2021-02-20T17:47:00 UTC">
  <testcase classname="docker.learning.tests.BaseTest" name="@BeforeTest setupDriver" time="1.564">
    <failure type="org.openqa.selenium.WebDriverException" message="Driver server process died prematurely.
Build info: version: &amp;apos;4.0.0-alpha-6&amp;apos;, revision: &amp;apos;5f43a29cfc&amp;apos;
System info: host: &amp;apos;112862e6fd56&amp;apos;, ip: &amp;apos;172.17.0.2&amp;apos;, os.name: &amp;apos;Linux&amp;apos;, os.arch: &amp;apos;amd64&amp;apos;, os.version: &amp;apos;5.4.72-microsoft-standard-WSL2&amp;apos;, java.version: &amp;apos;15.0.2&amp;apos;
Driver info: driver.version: ChromeDriver">
      <![CDATA[org.openqa.selenium.WebDriverException: Driver server process died prematurely.
Build info: version: '4.0.0-alpha-6', revision: '5f43a29cfc'
System info: host: '112862e6fd56', ip: '172.17.0.2', os.name: 'Linux', os.arch: 'amd64', os.version: '5.4.72-microsoft-standard-WSL2', java.version: '15.0.2'
Driver info: driver.version: ChromeDriver
at org.openqa.selenium.remote.service.DriverService.start(DriverService.java:207)
at org.openqa.selenium.remote.service.DriverCommandExecutor.execute(DriverCommandExecutor.java:79)
at org.openqa.selenium.remote.RemoteWebDriver.execute(RemoteWebDriver.java:582)
at org.openqa.selenium.remote.RemoteWebDriver.startSession(RemoteWebDriver.java:216)
at org.openqa.selenium.remote.RemoteWebDriver.<init>(RemoteWebDriver.java:136)
at org.openqa.selenium.chromium.ChromiumDriver.<init>(ChromiumDriver.java:75)
at org.openqa.selenium.chrome.ChromeDriver.<init>(ChromeDriver.java:163)
at org.openqa.selenium.chrome.ChromeDriver.<init>(ChromeDriver.java:150)
at org.openqa.selenium.chrome.ChromeDriver.<init>(ChromeDriver.java:105)
at docker.learning.tests.BaseTest.setupDriver(BaseTest.java:51)
... Removed 23 stack frames]]>
    </failure>
  </testcase> <!-- @BeforeTest setupDriver -->
  <testcase classname="docker.learning.tests.BaseTest" name="@AfterTest quitDriver" time="-1.613843220394E9">
    <skipped/>
  </testcase> <!-- @AfterTest quitDriver -->
  <testcase classname="docker.learning.tests.NaukriTest" name="naukri" time="0.0">
    <skipped/>
  </testcase> <!-- naukri -->
</testsuite> <!-- Naukri Test -->
